<?xml version="1.0" encoding="UTF-8"?>
<!-- Generated by org.testng.reporters.JUnitReportReporter -->
<testsuite hostname="DESKTOP-VTNNO66" failures="0" tests="1" name="hrms.workforcePro.empprojectTest.ProjectTest" time="10.886" errors="0" timestamp="2024-11-27T14:58:02 IST" skipped="0">
  <testcase classname="hrms.workforcePro.empprojectTest.ProjectTest" name="createProject" time="10.886"/>
  <system-out/>
</testsuite> <!-- hrms.workforcePro.empprojectTest.ProjectTest -->
